\BOOKMARK [1][-]{section.1}{}{}% 1
\BOOKMARK [2][-]{subsection.1.1}{ }{section.1}% 2
\BOOKMARK [2][-]{subsection.1.2}{ }{section.1}% 3
\BOOKMARK [1][-]{section.2}{ }{}% 4
\BOOKMARK [2][-]{subsection.2.1}{ \040}{section.2}% 5
\BOOKMARK [2][-]{subsection.2.2}{ \040}{section.2}% 6
\BOOKMARK [2][-]{subsection.2.3}{}{section.2}% 7
\BOOKMARK [1][-]{section.3}{ \040}{}% 8
\BOOKMARK [2][-]{subsection.3.1}{ }{section.3}% 9
\BOOKMARK [2][-]{subsection.3.2}{ }{section.3}% 10
\BOOKMARK [2][-]{subsection.3.3}{RNN}{section.3}% 11
\BOOKMARK [3][-]{subsubsection.3.3.1}{ \040RNN}{subsection.3.3}% 12
\BOOKMARK [3][-]{subsubsection.3.3.2}{ \040 LSTM}{subsection.3.3}% 13
\BOOKMARK [1][-]{section.4}{}{}% 14
\BOOKMARK [2][-]{subsection.4.1}{}{section.4}% 15
\BOOKMARK [2][-]{subsection.4.2}{ \040}{section.4}% 16
\BOOKMARK [2][-]{subsection.4.3}{}{section.4}% 17
\BOOKMARK [1][-]{section.5}{ }{}% 18
\BOOKMARK [1][-]{section.6}{}{}% 19
\BOOKMARK [1][-]{section.7}{ }{}% 20
\BOOKMARK [1][-]{section.8}{}{}% 21
